{"logTime": "0707/000059", "correlationVector":"wdoEptU086Kf0JBD4MoSsF.6","action":"GetUpdates Response", "result":"Success", "context":Received 258 update(s). cV=wdoEptU086Kf0JBD4MoSsF.0;server=akswtt00900001l;cloudType=Consumer;environment=Prod_francecentral_prod-s01-062-eur-francecentral;migrationStage=NotStarted Some updates remain.}
{"logTime": "0707/000059", "correlationVector":"TFJJtAvbOW3z+3dfGIoLIF","action":"Normal GetUpdate request", "result":"", "context":cV=TFJJtAvbOW3z+3dfGIoLIF
Nudged types: Sessions, History
Refresh requested types: Bookmarks, Preferences, Passwords, Autofill Profiles, Autofill, Extensions, Sessions, Extension settings, History Delete Directives, Device Info, User Consents, Send Tab To Self, Web Apps, History, Saved Tab Group, WebAuthn Credentials, Collection, Edge E Drop, Edge Hub App Usage, Edge Wallet, Encryption Keys}
{"logTime": "0707/000059", "correlationVector":"TFJJtAvbOW3z+3dfGIoLIF.1","action":"SyncServerConnectionManagerRequest", "result":"SYNC_SERVER_OK", "context":{"environment":"Prod_francecentral_prod-s01-062-eur-francecentral", "migrationStage":"NotStarted", "server":"akswtt00900004r"}}
{"logTime": "0707/000059", "correlationVector":"TFJJtAvbOW3z+3dfGIoLIF.2","action":"ProcessGetUpdates", "result":"Done", "context":{"dataType":"Sessions", "deleted":"0", "process_failed_to_decrypt":"0", "process_pending_decryption":"0", "process_success":"1", "total":"1"}}
{"logTime": "0707/000059", "correlationVector":"TFJJtAvbOW3z+3dfGIoLIF.3","action":"ProcessGetUpdates", "result":"Done", "context":{"dataType":"History", "deleted":"0", "process_failed_to_decrypt":"0", "process_pending_decryption":"0", "process_success":"250", "total":"250"}}
{"logTime": "0707/000059", "correlationVector":"TFJJtAvbOW3z+3dfGIoLIF.4","action":"GetUpdates Response", "result":"Success", "context":Received 251 update(s). cV=TFJJtAvbOW3z+3dfGIoLIF.0;server=akswtt00900004r;cloudType=Consumer;environment=Prod_francecentral_prod-s01-062-eur-francecentral;migrationStage=NotStarted Some updates remain.}
{"logTime": "0707/000059", "correlationVector":"7SxKIOftpEChnuaHfyBkkz","action":"Normal GetUpdate request", "result":"", "context":cV=7SxKIOftpEChnuaHfyBkkz
Nudged types: Sessions, History
Refresh requested types: Bookmarks, Preferences, Passwords, Autofill Profiles, Autofill, Extensions, Sessions, Extension settings, History Delete Directives, Device Info, User Consents, Send Tab To Self, Web Apps, History, Saved Tab Group, WebAuthn Credentials, Collection, Edge E Drop, Edge Hub App Usage, Edge Wallet, Encryption Keys}
{"logTime": "0707/000059", "correlationVector":"7SxKIOftpEChnuaHfyBkkz.1","action":"SyncServerConnectionManagerRequest", "result":"SYNC_SERVER_OK", "context":{"environment":"Prod_francecentral_prod-s01-062-eur-francecentral", "migrationStage":"NotStarted", "server":"akswtt00900004n"}}
{"logTime": "0707/000059", "correlationVector":"7SxKIOftpEChnuaHfyBkkz.2","action":"ProcessGetUpdates", "result":"Done", "context":{"dataType":"Autofill Profiles", "deleted":"0", "process_failed_to_decrypt":"0", "process_pending_decryption":"0", "process_success":"1", "total":"1"}}
{"logTime": "0707/000059", "correlationVector":"7SxKIOftpEChnuaHfyBkkz.3","action":"ProcessGetUpdates", "result":"Done", "context":{"dataType":"Autofill", "deleted":"0", "process_failed_to_decrypt":"0", "process_pending_decryption":"0", "process_success":"1", "total":"1"}}
{"logTime": "0707/000059", "correlationVector":"7SxKIOftpEChnuaHfyBkkz.4","action":"ProcessGetUpdates", "result":"Done", "context":{"dataType":"Sessions", "deleted":"2", "process_failed_to_decrypt":"0", "process_pending_decryption":"0", "process_success":"2", "total":"2"}}
{"logTime": "0707/000059", "correlationVector":"7SxKIOftpEChnuaHfyBkkz.5","action":"ProcessGetUpdates", "result":"Done", "context":{"dataType":"History", "deleted":"0", "process_failed_to_decrypt":"0", "process_pending_decryption":"0", "process_success":"250", "total":"250"}}
{"logTime": "0707/000059", "correlationVector":"7SxKIOftpEChnuaHfyBkkz.6","action":"GetUpdates Response", "result":"Success", "context":Received 254 update(s). cV=7SxKIOftpEChnuaHfyBkkz.0;server=akswtt00900004n;cloudType=Consumer;environment=Prod_francecentral_prod-s01-062-eur-francecentral;migrationStage=NotStarted Some updates remain.}
{"logTime": "0707/000059", "correlationVector":"eiz7gu1ZByiSddPOWUaCsw","action":"Normal GetUpdate request", "result":"", "context":cV=eiz7gu1ZByiSddPOWUaCsw
Nudged types: Sessions, History
Refresh requested types: Bookmarks, Preferences, Passwords, Autofill Profiles, Autofill, Extensions, Sessions, Extension settings, History Delete Directives, Device Info, User Consents, Send Tab To Self, Web Apps, History, Saved Tab Group, WebAuthn Credentials, Collection, Edge E Drop, Edge Hub App Usage, Edge Wallet, Encryption Keys}
{"logTime": "0707/000100", "correlationVector":"eiz7gu1ZByiSddPOWUaCsw.1","action":"SyncServerConnectionManagerRequest", "result":"SYNC_SERVER_OK", "context":{"environment":"Prod_francecentral_prod-s01-062-eur-francecentral", "migrationStage":"NotStarted", "server":"akswtt00900001l"}}
{"logTime": "0707/000100", "correlationVector":"eiz7gu1ZByiSddPOWUaCsw.2","action":"ProcessGetUpdates", "result":"Done", "context":{"dataType":"Sessions", "deleted":"1", "process_failed_to_decrypt":"0", "process_pending_decryption":"0", "process_success":"2", "total":"2"}}
{"logTime": "0707/000100", "correlationVector":"eiz7gu1ZByiSddPOWUaCsw.3","action":"ProcessGetUpdates", "result":"Done", "context":{"dataType":"History", "deleted":"0", "process_failed_to_decrypt":"0", "process_pending_decryption":"0", "process_success":"250", "total":"250"}}
{"logTime": "0707/000100", "correlationVector":"eiz7gu1ZByiSddPOWUaCsw.4","action":"GetUpdates Response", "result":"Success", "context":Received 252 update(s). cV=eiz7gu1ZByiSddPOWUaCsw.0;server=akswtt00900001l;cloudType=Consumer;environment=Prod_francecentral_prod-s01-062-eur-francecentral;migrationStage=NotStarted Some updates remain.}
{"logTime": "0707/000100", "correlationVector":"99f3HicN7dXE1sV81eUBOK","action":"Normal GetUpdate request", "result":"", "context":cV=99f3HicN7dXE1sV81eUBOK
Nudged types: Sessions, History
Refresh requested types: Bookmarks, Preferences, Passwords, Autofill Profiles, Autofill, Extensions, Sessions, Extension settings, History Delete Directives, Device Info, User Consents, Send Tab To Self, Web Apps, History, Saved Tab Group, WebAuthn Credentials, Collection, Edge E Drop, Edge Hub App Usage, Edge Wallet, Encryption Keys}
{"logTime": "0707/000100", "correlationVector":"99f3HicN7dXE1sV81eUBOK.1","action":"SyncServerConnectionManagerRequest", "result":"SYNC_SERVER_OK", "context":{"environment":"Prod_francecentral_prod-s01-062-eur-francecentral", "migrationStage":"NotStarted", "server":"akswtt00900000s"}}
{"logTime": "0707/000100", "correlationVector":"99f3HicN7dXE1sV81eUBOK.2","action":"ProcessGetUpdates", "result":"Done", "context":{"dataType":"Preferences", "deleted":"0", "process_failed_to_decrypt":"0", "process_pending_decryption":"0", "process_success":"1", "total":"1"}}
{"logTime": "0707/000100", "correlationVector":"99f3HicN7dXE1sV81eUBOK.3","action":"ProcessGetUpdates", "result":"Done", "context":{"dataType":"Sessions", "deleted":"1", "process_failed_to_decrypt":"0", "process_pending_decryption":"0", "process_success":"8", "total":"8"}}
{"logTime": "0707/000100", "correlationVector":"99f3HicN7dXE1sV81eUBOK.4","action":"ProcessGetUpdates", "result":"Done", "context":{"dataType":"Device Info", "deleted":"0", "process_failed_to_decrypt":"0", "process_pending_decryption":"0", "process_success":"1", "total":"1"}}
{"logTime": "0707/000100", "correlationVector":"99f3HicN7dXE1sV81eUBOK.5","action":"ProcessGetUpdates", "result":"Done", "context":{"dataType":"History", "deleted":"0", "process_failed_to_decrypt":"0", "process_pending_decryption":"0", "process_success":"192", "total":"192"}}
{"logTime": "0707/000100", "correlationVector":"99f3HicN7dXE1sV81eUBOK.6","action":"GetUpdates Response", "result":"Success", "context":Received 202 update(s). cV=99f3HicN7dXE1sV81eUBOK.0;server=akswtt00900000s;cloudType=Consumer;environment=Prod_francecentral_prod-s01-062-eur-francecentral;migrationStage=NotStarted}
{"logTime": "0707/000101", "correlationVector":"RQToZEmkUlZvZyZ6O9Sf2r","action":"Commit Request", "result":"", "context":Item count: 5
Contributing types: Sessions, History}
{"logTime": "0707/000101", "correlationVector":"RQToZEmkUlZvZyZ6O9Sf2r.1","action":"SyncServerConnectionManagerRequest", "result":"SYNC_SERVER_OK", "context":{"environment":"Prod_francecentral_prod-s01-062-eur-francecentral", "migrationStage":"NotStarted", "server":"akswtt00900005n"}}
{"logTime": "0707/000101", "correlationVector":"RQToZEmkUlZvZyZ6O9Sf2r.2","action":"Commit Response", "result":"Success", "context":Result: Success. cV=RQToZEmkUlZvZyZ6O9Sf2r.0;server=akswtt00900005n;cloudType=Consumer;environment=Prod_francecentral_prod-s01-062-eur-francecentral;migrationStage=NotStarted}
{"logTime": "0707/000101", "correlationVector":"RQToZEmkUlZvZyZ6O9Sf2r.3","action":"Commit.Sessions", "result":"Success", "context":{"id":"bfbde912-2c53-4228-9e3f-1b076675ee49", "isDeleted":"true", "size":"0", "version":"1751840211683"}}
{"logTime": "0707/000107", "correlationVector":"xiA31oRkETmXTUksh+4+GH","action":"Normal GetUpdate request", "result":"", "context":cV=xiA31oRkETmXTUksh+4+GH
Nudged types: Sessions, History
Notified types: Preferences, Device Info}
{"logTime": "0707/000107", "correlationVector":"xiA31oRkETmXTUksh+4+GH.1","action":"SyncServerConnectionManagerRequest", "result":"SYNC_SERVER_OK", "context":{"environment":"Prod_francecentral_prod-s01-062-eur-francecentral", "migrationStage":"NotStarted", "server":"akswtt00900004r"}}
{"logTime": "0707/000107", "correlationVector":"xiA31oRkETmXTUksh+4+GH.2","action":"ProcessGetUpdates", "result":"Done", "context":{"dataType":"Preferences", "deleted":"0", "process_failed_to_decrypt":"0", "process_pending_decryption":"0", "process_success":"1", "total":"1"}}
{"logTime": "0707/000107", "correlationVector":"xiA31oRkETmXTUksh+4+GH.3","action":"ProcessGetUpdates", "result":"Done", "context":{"dataType":"Sessions", "deleted":"1", "process_failed_to_decrypt":"0", "process_pending_decryption":"0", "process_success":"3", "total":"3"}}
{"logTime": "0707/000107", "correlationVector":"xiA31oRkETmXTUksh+4+GH.4","action":"ProcessGetUpdates", "result":"Done", "context":{"dataType":"Device Info", "deleted":"0", "process_failed_to_decrypt":"0", "process_pending_decryption":"0", "process_success":"1", "total":"1"}}
{"logTime": "0707/000107", "correlationVector":"xiA31oRkETmXTUksh+4+GH.5","action":"ProcessGetUpdates", "result":"Done", "context":{"dataType":"History", "deleted":"0", "process_failed_to_decrypt":"0", "process_pending_decryption":"0", "process_success":"2", "total":"2"}}
{"logTime": "0707/000107", "correlationVector":"xiA31oRkETmXTUksh+4+GH.6","action":"GetUpdates Response", "result":"Success", "context":Received 7 update(s). cV=xiA31oRkETmXTUksh+4+GH.0;server=akswtt00900004r;cloudType=Consumer;environment=Prod_francecentral_prod-s01-062-eur-francecentral;migrationStage=NotStarted}
{"logTime": "0707/000112", "correlationVector":"BgjYMdQO3sf/uZZm6k2DD4","action":"Commit Request", "result":"", "context":Item count: 10
Contributing types: Preferences, Passwords}
{"logTime": "0707/000113", "correlationVector":"BgjYMdQO3sf/uZZm6k2DD4.1","action":"SyncServerConnectionManagerRequest", "result":"SYNC_SERVER_OK", "context":{"environment":"Prod_francecentral_prod-s01-062-eur-francecentral", "migrationStage":"NotStarted", "server":"akswtt009000043"}}
{"logTime": "0707/000113", "correlationVector":"BgjYMdQO3sf/uZZm6k2DD4.2","action":"Commit Response", "result":"Success", "context":Result: Success. cV=BgjYMdQO3sf/uZZm6k2DD4.0;server=akswtt009000043;cloudType=Consumer;environment=Prod_francecentral_prod-s01-062-eur-francecentral;migrationStage=NotStarted}
{"logTime": "0707/000214", "correlationVector":"fYvW/ArTC58Oh7kuzTgpp0","action":"Commit Request", "result":"", "context":Item count: 1
Contributing types: History}
{"logTime": "0707/000215", "correlationVector":"fYvW/ArTC58Oh7kuzTgpp0.1","action":"SyncServerConnectionManagerRequest", "result":"SYNC_SERVER_OK", "context":{"environment":"Prod_francecentral_prod-s01-062-eur-francecentral", "migrationStage":"NotStarted", "server":"akswtt009000015"}}
{"logTime": "0707/000215", "correlationVector":"fYvW/ArTC58Oh7kuzTgpp0.2","action":"Commit Response", "result":"Success", "context":Result: Success. cV=fYvW/ArTC58Oh7kuzTgpp0.0;server=akswtt009000015;cloudType=Consumer;environment=Prod_francecentral_prod-s01-062-eur-francecentral;migrationStage=NotStarted}
{"logTime": "0707/005523", "correlationVector":"E+lvZBGOIw8U/Mk/RNAad1.1","action":"SyncServerConnectionManagerRequest", "result":"SYNC_SERVER_OK", "context":{"environment":"Prod_francecentral_prod-s01-062-eur-francecentral", "migrationStage":"NotStarted", "server":"akswtt00900004n"}}
{"logTime": "0707/005523", "correlationVector":"E+lvZBGOIw8U/Mk/RNAad1.2","action":"ProcessGetUpdates", "result":"Done", "context":{"dataType":"Encryption Keys", "deleted":"0", "process_failed_to_decrypt":"0", "process_pending_decryption":"0", "process_success":"1", "total":"1"}}
{"logTime": "0707/005524", "correlationVector":"+0EfHAMVhNmGbIwCNfoRdG","action":"SyncServerConnectionManagerRequest", "result":"SYNC_SERVER_OK", "context":{"environment":"", "migrationStage":"", "server":""}}
{"logTime": "0707/005524", "correlationVector":"+0EfHAMVhNmGbIwCNfoRdG.0","action":"EncryptionKeysFetcher.DownloadKeys:", "result":"Success", "context":Key count: 3, Last key timestamp: 2025-02-14T19:05:08Z}
{"logTime": "0707/005524", "correlationVector":"+0EfHAMVhNmGbIwCNfoRdG.1","action":"EncryptionKeysManager::SetEncryptionKeys:", "result":"Success", "context":Key names[3]:[PU8yTl1J2jT1fwJuQDMdGafm1+daQO+IYqZwj7mVZ/6ArGs6im0mivS7SoSI1qZjY1EiK9i8toH2L16T8zv5bg==][YKlUHevl6L5w+KBVscHShtm/CA0w5e4joPBK1CdMDmjSArW5omK9QGZDiRgZ5n9WZDnzW22nG0hcSzjew0yAeg==][h9xV4FfqcKJe4mGnzxYwowKXBMiHQ9mxH7ttwllppVItdbRE2ETcPAVIZGw2hW6HIOEnAMmElQu9LSQmTVQMaQ==]}
{"logTime": "0707/005524", "correlationVector":"+0EfHAMVhNmGbIwCNfoRdG.2","action":"EncryptionKeysManager::SetEncryptionKeysWithTimestamps:", "result":"Success", "context":Key timestamps[3]:[2024-02-19T18:06:51Z][2024-08-18T09:22:40Z][2025-02-14T19:05:08Z]}
{"logTime": "0707/005524", "correlationVector":"E+lvZBGOIw8U/Mk/RNAad1","action":"Initial GetUpdates", "result":"", "context":Reason: NEW_CLIENT. cV=E+lvZBGOIw8U/Mk/RNAad1}
{"logTime": "0707/005524", "correlationVector":"E+lvZBGOIw8U/Mk/RNAad1.3","action":"GetUpdates Response", "result":"Success", "context":Received 1 update(s). cV=E+lvZBGOIw8U/Mk/RNAad1.0;server=akswtt00900004n;cloudType=Consumer;environment=Prod_francecentral_prod-s01-062-eur-francecentral;migrationStage=NotStarted}
{"logTime": "0707/005524", "correlationVector":"/44SFqi9DtPtN7El+e1cCg","action":"Initial GetUpdates", "result":"", "context":Reason: NEWLY_SUPPORTED_DATATYPE. cV=/44SFqi9DtPtN7El+e1cCg}
{"logTime": "0707/005525", "correlationVector":"/44SFqi9DtPtN7El+e1cCg.1","action":"SyncServerConnectionManagerRequest", "result":"SYNC_SERVER_OK", "context":{"environment":"Prod_francecentral_prod-s01-062-eur-francecentral", "migrationStage":"NotStarted", "server":"akswtt009000010"}}
{"logTime": "0707/005525", "correlationVector":"/44SFqi9DtPtN7El+e1cCg.2","action":"ProcessGetUpdates", "result":"Done", "context":{"dataType":"Passwords", "deleted":"8", "process_failed_to_decrypt":"0", "process_pending_decryption":"0", "process_success":"250", "total":"250"}}
{"logTime": "0707/005525", "correlationVector":"/44SFqi9DtPtN7El+e1cCg.3","action":"GetUpdates Response", "result":"Success", "context":Received 250 update(s). cV=/44SFqi9DtPtN7El+e1cCg.0;server=akswtt009000010;cloudType=Consumer;environment=Prod_francecentral_prod-s01-062-eur-francecentral;migrationStage=NotStarted Some updates remain.}
{"logTime": "0707/005525", "correlationVector":"6uGYumCDY40x+hb2j6SLa5","action":"Initial GetUpdates", "result":"", "context":Reason: NEWLY_SUPPORTED_DATATYPE. cV=6uGYumCDY40x+hb2j6SLa5}
{"logTime": "0707/005525", "correlationVector":"6uGYumCDY40x+hb2j6SLa5.1","action":"SyncServerConnectionManagerRequest", "result":"SYNC_SERVER_OK", "context":{"environment":"Prod_francecentral_prod-s01-062-eur-francecentral", "migrationStage":"NotStarted", "server":"akswtt009000007"}}
{"logTime": "0707/005525", "correlationVector":"6uGYumCDY40x+hb2j6SLa5.2","action":"ProcessGetUpdates", "result":"Done", "context":{"dataType":"Passwords", "deleted":"0", "process_failed_to_decrypt":"0", "process_pending_decryption":"0", "process_success":"3", "total":"3"}}
{"logTime": "0707/005525", "correlationVector":"6uGYumCDY40x+hb2j6SLa5.3","action":"GetUpdates Response", "result":"Success", "context":Received 3 update(s). cV=6uGYumCDY40x+hb2j6SLa5.0;server=akswtt009000007;cloudType=Consumer;environment=Prod_francecentral_prod-s01-062-eur-francecentral;migrationStage=NotStarted}
{"logTime": "0707/005525", "correlationVector":"lOvCWLptoYfN5lB/RuTc5p","action":"Normal GetUpdate request", "result":"", "context":cV=lOvCWLptoYfN5lB/RuTc5p
Nudged types: Sessions, History
Refresh requested types: Bookmarks, Preferences, Passwords, Autofill Profiles, Autofill, Extensions, Sessions, Extension settings, History Delete Directives, Device Info, User Consents, Send Tab To Self, Web Apps, History, Saved Tab Group, WebAuthn Credentials, Collection, Edge E Drop, Edge Hub App Usage, Edge Wallet, Encryption Keys}
{"logTime": "0707/005525", "correlationVector":"lOvCWLptoYfN5lB/RuTc5p.1","action":"SyncServerConnectionManagerRequest", "result":"SYNC_SERVER_OK", "context":{"environment":"Prod_francecentral_prod-s01-062-eur-francecentral", "migrationStage":"NotStarted", "server":"akswtt00900002s"}}
{"logTime": "0707/005525", "correlationVector":"lOvCWLptoYfN5lB/RuTc5p.2","action":"ProcessGetUpdates", "result":"Done", "context":{"dataType":"Preferences", "deleted":"0", "process_failed_to_decrypt":"0", "process_pending_decryption":"0", "process_success":"2", "total":"2"}}
{"logTime": "0707/005525", "correlationVector":"lOvCWLptoYfN5lB/RuTc5p.3","action":"ProcessGetUpdates", "result":"Done", "context":{"dataType":"Autofill", "deleted":"0", "process_failed_to_decrypt":"0", "process_pending_decryption":"0", "process_success":"1", "total":"1"}}
{"logTime": "0707/005525", "correlationVector":"lOvCWLptoYfN5lB/RuTc5p.4","action":"ProcessGetUpdates", "result":"Done", "context":{"dataType":"Sessions", "deleted":"1", "process_failed_to_decrypt":"0", "process_pending_decryption":"0", "process_success":"4", "total":"4"}}
{"logTime": "0707/005525", "correlationVector":"lOvCWLptoYfN5lB/RuTc5p.5","action":"ProcessGetUpdates", "result":"Done", "context":{"dataType":"Device Info", "deleted":"0", "process_failed_to_decrypt":"0", "process_pending_decryption":"0", "process_success":"1", "total":"1"}}
{"logTime": "0707/005525", "correlationVector":"lOvCWLptoYfN5lB/RuTc5p.6","action":"ProcessGetUpdates", "result":"Done", "context":{"dataType":"History", "deleted":"0", "process_failed_to_decrypt":"0", "process_pending_decryption":"0", "process_success":"15", "total":"15"}}
{"logTime": "0707/005525", "correlationVector":"lOvCWLptoYfN5lB/RuTc5p.7","action":"GetUpdates Response", "result":"Success", "context":Received 23 update(s). cV=lOvCWLptoYfN5lB/RuTc5p.0;server=akswtt00900002s;cloudType=Consumer;environment=Prod_francecentral_prod-s01-062-eur-francecentral;migrationStage=NotStarted}
{"logTime": "0707/005528", "correlationVector":"Psc54yvurJEDaYgSytZrN6","action":"Commit Request", "result":"", "context":Item count: 3
Contributing types: Sessions}
{"logTime": "0707/005528", "correlationVector":"Psc54yvurJEDaYgSytZrN6.1","action":"SyncServerConnectionManagerRequest", "result":"SYNC_SERVER_OK", "context":{"environment":"Prod_francecentral_prod-s01-062-eur-francecentral", "migrationStage":"NotStarted", "server":"akswtt00900002s"}}
{"logTime": "0707/005528", "correlationVector":"Psc54yvurJEDaYgSytZrN6.3","action":"Commit.Sessions", "result":"Success", "context":{"id":"e6ff3807-9adf-46dc-aef1-f6edd1306c6a", "isDeleted":"true", "size":"0", "version":"1751846462268"}}
{"logTime": "0707/005528", "correlationVector":"Psc54yvurJEDaYgSytZrN6.2","action":"Commit Response", "result":"Success", "context":Result: Success. cV=Psc54yvurJEDaYgSytZrN6.0;server=akswtt00900002s;cloudType=Consumer;environment=Prod_francecentral_prod-s01-062-eur-francecentral;migrationStage=NotStarted}
{"logTime": "0707/005535", "correlationVector":"YBX3bHbypmBjvXV1AcNFwG","action":"Commit Request", "result":"", "context":Item count: 11
Contributing types: Preferences, Passwords, Sessions}
{"logTime": "0707/005536", "correlationVector":"YBX3bHbypmBjvXV1AcNFwG.1","action":"SyncServerConnectionManagerRequest", "result":"SYNC_SERVER_OK", "context":{"environment":"Prod_francecentral_prod-s01-062-eur-francecentral", "migrationStage":"NotStarted", "server":"akswtt00900002s"}}
{"logTime": "0707/005536", "correlationVector":"YBX3bHbypmBjvXV1AcNFwG.2","action":"Commit Response", "result":"Success", "context":Result: Success. cV=YBX3bHbypmBjvXV1AcNFwG.0;server=akswtt00900002s;cloudType=Consumer;environment=Prod_francecentral_prod-s01-062-eur-francecentral;migrationStage=NotStarted}
{"logTime": "0707/005632", "correlationVector":"Pn8kH8JTNe2lufD1LIOgnN","action":"Normal GetUpdate request", "result":"", "context":cV=Pn8kH8JTNe2lufD1LIOgnN
Nudged types: History
Notified types: Device Info, History}
{"logTime": "0707/005632", "correlationVector":"Pn8kH8JTNe2lufD1LIOgnN.1","action":"SyncServerConnectionManagerRequest", "result":"SYNC_SERVER_OK", "context":{"environment":"Prod_francecentral_prod-s01-062-eur-francecentral", "migrationStage":"NotStarted", "server":"akswtt00900003i"}}
{"logTime": "0707/005632", "correlationVector":"Pn8kH8JTNe2lufD1LIOgnN.2","action":"ProcessGetUpdates", "result":"Done", "context":{"dataType":"Preferences", "deleted":"0", "process_failed_to_decrypt":"0", "process_pending_decryption":"0", "process_success":"1", "total":"1"}}
{"logTime": "0707/005632", "correlationVector":"Pn8kH8JTNe2lufD1LIOgnN.3","action":"ProcessGetUpdates", "result":"Done", "context":{"dataType":"Passwords", "deleted":"0", "process_failed_to_decrypt":"0", "process_pending_decryption":"0", "process_success":"9", "total":"9"}}
{"logTime": "0707/005632", "correlationVector":"Pn8kH8JTNe2lufD1LIOgnN.4","action":"ProcessGetUpdates", "result":"Done", "context":{"dataType":"Sessions", "deleted":"2", "process_failed_to_decrypt":"0", "process_pending_decryption":"0", "process_success":"7", "total":"7"}}
{"logTime": "0707/005632", "correlationVector":"Pn8kH8JTNe2lufD1LIOgnN.5","action":"ProcessGetUpdates", "result":"Done", "context":{"dataType":"Device Info", "deleted":"0", "process_failed_to_decrypt":"0", "process_pending_decryption":"0", "process_success":"1", "total":"1"}}
{"logTime": "0707/005632", "correlationVector":"Pn8kH8JTNe2lufD1LIOgnN.6","action":"ProcessGetUpdates", "result":"Done", "context":{"dataType":"History", "deleted":"0", "process_failed_to_decrypt":"0", "process_pending_decryption":"0", "process_success":"7", "total":"7"}}
{"logTime": "0707/005632", "correlationVector":"Pn8kH8JTNe2lufD1LIOgnN.7","action":"GetUpdates Response", "result":"Success", "context":Received 25 update(s). cV=Pn8kH8JTNe2lufD1LIOgnN.0;server=akswtt00900003i;cloudType=Consumer;environment=Prod_francecentral_prod-s01-062-eur-francecentral;migrationStage=NotStarted}
{"logTime": "0707/005632", "correlationVector":"/l9hHy0TcixXA0j7I//EA9","action":"Commit Request", "result":"", "context":Item count: 1
Contributing types: History}
{"logTime": "0707/005632", "correlationVector":"/l9hHy0TcixXA0j7I//EA9.1","action":"SyncServerConnectionManagerRequest", "result":"SYNC_SERVER_OK", "context":{"environment":"Prod_francecentral_prod-s01-062-eur-francecentral", "migrationStage":"NotStarted", "server":"akswtt00900003i"}}
{"logTime": "0707/005632", "correlationVector":"/l9hHy0TcixXA0j7I//EA9.2","action":"Commit Response", "result":"Success", "context":Result: Success. cV=/l9hHy0TcixXA0j7I//EA9.0;server=akswtt00900003i;cloudType=Consumer;environment=Prod_francecentral_prod-s01-062-eur-francecentral;migrationStage=NotStarted}
{"logTime": "0707/005633", "correlationVector":"BFUpJsJ1rxMipYogNH8tvh","action":"Normal GetUpdate request", "result":"", "context":cV=BFUpJsJ1rxMipYogNH8tvh
Nudged types: History
Notified types: Preferences, History}
{"logTime": "0707/005633", "correlationVector":"BFUpJsJ1rxMipYogNH8tvh.1","action":"SyncServerConnectionManagerRequest", "result":"SYNC_SERVER_OK", "context":{"environment":"Prod_francecentral_prod-s01-062-eur-francecentral", "migrationStage":"NotStarted", "server":"akswtt009000031"}}
{"logTime": "0707/005633", "correlationVector":"BFUpJsJ1rxMipYogNH8tvh.2","action":"ProcessGetUpdates", "result":"Done", "context":{"dataType":"Preferences", "deleted":"0", "process_failed_to_decrypt":"0", "process_pending_decryption":"0", "process_success":"1", "total":"1"}}
{"logTime": "0707/005633", "correlationVector":"BFUpJsJ1rxMipYogNH8tvh.3","action":"ProcessGetUpdates", "result":"Done", "context":{"dataType":"Sessions", "deleted":"0", "process_failed_to_decrypt":"0", "process_pending_decryption":"0", "process_success":"1", "total":"1"}}
{"logTime": "0707/005633", "correlationVector":"BFUpJsJ1rxMipYogNH8tvh.4","action":"ProcessGetUpdates", "result":"Done", "context":{"dataType":"History", "deleted":"0", "process_failed_to_decrypt":"0", "process_pending_decryption":"0", "process_success":"4", "total":"4"}}
{"logTime": "0707/005633", "correlationVector":"BFUpJsJ1rxMipYogNH8tvh.5","action":"GetUpdates Response", "result":"Success", "context":Received 6 update(s). cV=BFUpJsJ1rxMipYogNH8tvh.0;server=akswtt009000031;cloudType=Consumer;environment=Prod_francecentral_prod-s01-062-eur-francecentral;migrationStage=NotStarted}
{"logTime": "0707/005636", "correlationVector":"ohLxPsu+8TFbLvCn2kbS95","action":"Normal GetUpdate request", "result":"", "context":cV=ohLxPsu+8TFbLvCn2kbS95
Notified types: History}
{"logTime": "0707/005636", "correlationVector":"ohLxPsu+8TFbLvCn2kbS95.1","action":"SyncServerConnectionManagerRequest", "result":"SYNC_SERVER_OK", "context":{"environment":"Prod_francecentral_prod-s01-062-eur-francecentral", "migrationStage":"NotStarted", "server":"akswtt009000002"}}
{"logTime": "0707/005636", "correlationVector":"ohLxPsu+8TFbLvCn2kbS95.2","action":"ProcessGetUpdates", "result":"Done", "context":{"dataType":"Sessions", "deleted":"0", "process_failed_to_decrypt":"0", "process_pending_decryption":"0", "process_success":"1", "total":"1"}}
{"logTime": "0707/005636", "correlationVector":"ohLxPsu+8TFbLvCn2kbS95.3","action":"ProcessGetUpdates", "result":"Done", "context":{"dataType":"History", "deleted":"0", "process_failed_to_decrypt":"0", "process_pending_decryption":"0", "process_success":"3", "total":"3"}}
{"logTime": "0707/005636", "correlationVector":"ohLxPsu+8TFbLvCn2kbS95.4","action":"GetUpdates Response", "result":"Success", "context":Received 4 update(s). cV=ohLxPsu+8TFbLvCn2kbS95.0;server=akswtt009000002;cloudType=Consumer;environment=Prod_francecentral_prod-s01-062-eur-francecentral;migrationStage=NotStarted}
{"logTime": "0707/005737", "correlationVector":"ipxWGUMtsB4vE/ISi6TXmM","action":"Normal GetUpdate request", "result":"", "context":cV=ipxWGUMtsB4vE/ISi6TXmM
Nudged types: Sessions
Notified types: History}
{"logTime": "0707/005737", "correlationVector":"ipxWGUMtsB4vE/ISi6TXmM.1","action":"SyncServerConnectionManagerRequest", "result":"SYNC_SERVER_OK", "context":{"environment":"Prod_francecentral_prod-s01-062-eur-francecentral", "migrationStage":"NotStarted", "server":"akswtt00900005a"}}
{"logTime": "0707/005737", "correlationVector":"ipxWGUMtsB4vE/ISi6TXmM.2","action":"ProcessGetUpdates", "result":"Done", "context":{"dataType":"Sessions", "deleted":"0", "process_failed_to_decrypt":"0", "process_pending_decryption":"0", "process_success":"1", "total":"1"}}
{"logTime": "0707/005737", "correlationVector":"ipxWGUMtsB4vE/ISi6TXmM.3","action":"ProcessGetUpdates", "result":"Done", "context":{"dataType":"History", "deleted":"0", "process_failed_to_decrypt":"0", "process_pending_decryption":"0", "process_success":"3", "total":"3"}}
{"logTime": "0707/005737", "correlationVector":"ipxWGUMtsB4vE/ISi6TXmM.4","action":"GetUpdates Response", "result":"Success", "context":Received 4 update(s). cV=ipxWGUMtsB4vE/ISi6TXmM.0;server=akswtt00900005a;cloudType=Consumer;environment=Prod_francecentral_prod-s01-062-eur-francecentral;migrationStage=NotStarted}
{"logTime": "0707/005738", "correlationVector":"2JIUTPTb0iV1XK/YWESNg7","action":"Commit Request", "result":"", "context":Item count: 1
Contributing types: Sessions}
{"logTime": "0707/005738", "correlationVector":"2JIUTPTb0iV1XK/YWESNg7.1","action":"SyncServerConnectionManagerRequest", "result":"SYNC_SERVER_OK", "context":{"environment":"Prod_francecentral_prod-s01-062-eur-francecentral", "migrationStage":"NotStarted", "server":"akswtt009000002"}}
{"logTime": "0707/005738", "correlationVector":"2JIUTPTb0iV1XK/YWESNg7.2","action":"Commit Response", "result":"Success", "context":Result: Success. cV=2JIUTPTb0iV1XK/YWESNg7.0;server=akswtt009000002;cloudType=Consumer;environment=Prod_francecentral_prod-s01-062-eur-francecentral;migrationStage=NotStarted}
{"logTime": "0707/005958", "correlationVector":"AJrdtvqgnlq5BoTytb+gwM","action":"Commit Request", "result":"", "context":Item count: 6
Contributing types: Sessions, History}
{"logTime": "0707/005958", "correlationVector":"AJrdtvqgnlq5BoTytb+gwM.1","action":"SyncServerConnectionManagerRequest", "result":"SYNC_SERVER_OK", "context":{"environment":"Prod_francecentral_prod-s01-062-eur-francecentral", "migrationStage":"NotStarted", "server":"akswtt00900005b"}}
{"logTime": "0707/005958", "correlationVector":"AJrdtvqgnlq5BoTytb+gwM.2","action":"Commit Response", "result":"Success", "context":Result: Success. cV=AJrdtvqgnlq5BoTytb+gwM.0;server=akswtt00900005b;cloudType=Consumer;environment=Prod_francecentral_prod-s01-062-eur-francecentral;migrationStage=NotStarted}
{"logTime": "0707/010101", "correlationVector":"yReh6QU226IATCud9Oze/r","action":"Commit Request", "result":"", "context":Item count: 4
Contributing types: Sessions, History}
{"logTime": "0707/010101", "correlationVector":"yReh6QU226IATCud9Oze/r.1","action":"SyncServerConnectionManagerRequest", "result":"SYNC_SERVER_OK", "context":{"environment":"Prod_francecentral_prod-s01-062-eur-francecentral", "migrationStage":"NotStarted", "server":"akswtt00900003n"}}
{"logTime": "0707/010101", "correlationVector":"yReh6QU226IATCud9Oze/r.2","action":"Commit Response", "result":"Success", "context":Result: Success. cV=yReh6QU226IATCud9Oze/r.0;server=akswtt00900003n;cloudType=Consumer;environment=Prod_francecentral_prod-s01-062-eur-francecentral;migrationStage=NotStarted}
{"logTime": "0707/010225", "correlationVector":"WsXUvn+kdog+yQFmPreZaF.1","action":"SyncServerConnectionManagerRequest", "result":"SYNC_SERVER_OK", "context":{"environment":"Prod_francecentral_prod-s01-062-eur-francecentral", "migrationStage":"NotStarted", "server":"akswtt00900003n"}}
{"logTime": "0707/010225", "correlationVector":"WsXUvn+kdog+yQFmPreZaF.2","action":"ProcessGetUpdates", "result":"Done", "context":{"dataType":"Encryption Keys", "deleted":"0", "process_failed_to_decrypt":"0", "process_pending_decryption":"0", "process_success":"1", "total":"1"}}
{"logTime": "0707/010225", "correlationVector":"RUeop/dcMZaZvnUtXN8oBw","action":"SyncServerConnectionManagerRequest", "result":"SYNC_SERVER_OK", "context":{"environment":"", "migrationStage":"", "server":""}}
{"logTime": "0707/010225", "correlationVector":"RUeop/dcMZaZvnUtXN8oBw.0","action":"EncryptionKeysFetcher.DownloadKeys:", "result":"Success", "context":Key count: 3, Last key timestamp: 2025-02-14T19:05:08Z}
{"logTime": "0707/010226", "correlationVector":"RUeop/dcMZaZvnUtXN8oBw.1","action":"EncryptionKeysManager::SetEncryptionKeys:", "result":"Success", "context":Key names[3]:[PU8yTl1J2jT1fwJuQDMdGafm1+daQO+IYqZwj7mVZ/6ArGs6im0mivS7SoSI1qZjY1EiK9i8toH2L16T8zv5bg==][YKlUHevl6L5w+KBVscHShtm/CA0w5e4joPBK1CdMDmjSArW5omK9QGZDiRgZ5n9WZDnzW22nG0hcSzjew0yAeg==][h9xV4FfqcKJe4mGnzxYwowKXBMiHQ9mxH7ttwllppVItdbRE2ETcPAVIZGw2hW6HIOEnAMmElQu9LSQmTVQMaQ==]}
{"logTime": "0707/010226", "correlationVector":"RUeop/dcMZaZvnUtXN8oBw.2","action":"EncryptionKeysManager::SetEncryptionKeysWithTimestamps:", "result":"Success", "context":Key timestamps[3]:[2024-02-19T18:06:51Z][2024-08-18T09:22:40Z][2025-02-14T19:05:08Z]}
{"logTime": "0707/010226", "correlationVector":"WsXUvn+kdog+yQFmPreZaF","action":"Initial GetUpdates", "result":"", "context":Reason: NEW_CLIENT. cV=WsXUvn+kdog+yQFmPreZaF}
{"logTime": "0707/010226", "correlationVector":"WsXUvn+kdog+yQFmPreZaF.3","action":"GetUpdates Response", "result":"Success", "context":Received 1 update(s). cV=WsXUvn+kdog+yQFmPreZaF.0;server=akswtt00900003n;cloudType=Consumer;environment=Prod_francecentral_prod-s01-062-eur-francecentral;migrationStage=NotStarted}
{"logTime": "0707/010226", "correlationVector":"KDWW+S4nSFst/O2otWDjVa","action":"Initial GetUpdates", "result":"", "context":Reason: NEWLY_SUPPORTED_DATATYPE. cV=KDWW+S4nSFst/O2otWDjVa}
{"logTime": "0707/010226", "correlationVector":"KDWW+S4nSFst/O2otWDjVa.1","action":"SyncServerConnectionManagerRequest", "result":"SYNC_SERVER_OK", "context":{"environment":"Prod_francecentral_prod-s01-062-eur-francecentral", "migrationStage":"NotStarted", "server":"akswtt009000051"}}
{"logTime": "0707/010226", "correlationVector":"KDWW+S4nSFst/O2otWDjVa.2","action":"ProcessGetUpdates", "result":"Done", "context":{"dataType":"Passwords", "deleted":"8", "process_failed_to_decrypt":"0", "process_pending_decryption":"0", "process_success":"250", "total":"250"}}
{"logTime": "0707/010226", "correlationVector":"KDWW+S4nSFst/O2otWDjVa.3","action":"GetUpdates Response", "result":"Success", "context":Received 250 update(s). cV=KDWW+S4nSFst/O2otWDjVa.0;server=akswtt009000051;cloudType=Consumer;environment=Prod_francecentral_prod-s01-062-eur-francecentral;migrationStage=NotStarted Some updates remain.}
{"logTime": "0707/010226", "correlationVector":"qs8dyNRjrelICUvKCmErmb","action":"Initial GetUpdates", "result":"", "context":Reason: NEWLY_SUPPORTED_DATATYPE. cV=qs8dyNRjrelICUvKCmErmb}
{"logTime": "0707/010226", "correlationVector":"qs8dyNRjrelICUvKCmErmb.1","action":"SyncServerConnectionManagerRequest", "result":"SYNC_SERVER_OK", "context":{"environment":"Prod_francecentral_prod-s01-062-eur-francecentral", "migrationStage":"NotStarted", "server":"akswtt009000049"}}
{"logTime": "0707/010226", "correlationVector":"qs8dyNRjrelICUvKCmErmb.2","action":"ProcessGetUpdates", "result":"Done", "context":{"dataType":"Passwords", "deleted":"0", "process_failed_to_decrypt":"0", "process_pending_decryption":"0", "process_success":"3", "total":"3"}}
{"logTime": "0707/010226", "correlationVector":"qs8dyNRjrelICUvKCmErmb.3","action":"GetUpdates Response", "result":"Success", "context":Received 3 update(s). cV=qs8dyNRjrelICUvKCmErmb.0;server=akswtt009000049;cloudType=Consumer;environment=Prod_francecentral_prod-s01-062-eur-francecentral;migrationStage=NotStarted}
{"logTime": "0707/010226", "correlationVector":"FtEQt2C9/QOGRBYfUPvCgI","action":"Normal GetUpdate request", "result":"", "context":cV=FtEQt2C9/QOGRBYfUPvCgI
Nudged types: Sessions, History
Refresh requested types: Bookmarks, Preferences, Passwords, Autofill Profiles, Autofill, Extensions, Sessions, Extension settings, History Delete Directives, Device Info, User Consents, Send Tab To Self, Web Apps, History, Saved Tab Group, WebAuthn Credentials, Collection, Edge E Drop, Edge Hub App Usage, Edge Wallet, Encryption Keys}
{"logTime": "0707/010226", "correlationVector":"FtEQt2C9/QOGRBYfUPvCgI.1","action":"SyncServerConnectionManagerRequest", "result":"SYNC_SERVER_OK", "context":{"environment":"Prod_francecentral_prod-s01-062-eur-francecentral", "migrationStage":"NotStarted", "server":"akswtt00900005i"}}
{"logTime": "0707/010226", "correlationVector":"FtEQt2C9/QOGRBYfUPvCgI.2","action":"ProcessGetUpdates", "result":"Done", "context":{"dataType":"Sessions", "deleted":"0", "process_failed_to_decrypt":"0", "process_pending_decryption":"0", "process_success":"1", "total":"1"}}
{"logTime": "0707/010226", "correlationVector":"FtEQt2C9/QOGRBYfUPvCgI.3","action":"ProcessGetUpdates", "result":"Done", "context":{"dataType":"History", "deleted":"0", "process_failed_to_decrypt":"0", "process_pending_decryption":"0", "process_success":"7", "total":"7"}}
{"logTime": "0707/010226", "correlationVector":"FtEQt2C9/QOGRBYfUPvCgI.4","action":"GetUpdates Response", "result":"Success", "context":Received 8 update(s). cV=FtEQt2C9/QOGRBYfUPvCgI.0;server=akswtt00900005i;cloudType=Consumer;environment=Prod_francecentral_prod-s01-062-eur-francecentral;migrationStage=NotStarted}
{"logTime": "0707/010229", "correlationVector":"yXKWkU6YBAOF2DfCVR2Gvp","action":"Commit Request", "result":"", "context":Item count: 5
Contributing types: Sessions, History}
{"logTime": "0707/010229", "correlationVector":"yXKWkU6YBAOF2DfCVR2Gvp.1","action":"SyncServerConnectionManagerRequest", "result":"SYNC_SERVER_OK", "context":{"environment":"Prod_francecentral_prod-s01-062-eur-francecentral", "migrationStage":"NotStarted", "server":"akswtt00900000z"}}
{"logTime": "0707/010229", "correlationVector":"yXKWkU6YBAOF2DfCVR2Gvp.2","action":"Commit Response", "result":"Success", "context":Result: Success. cV=yXKWkU6YBAOF2DfCVR2Gvp.0;server=akswtt00900000z;cloudType=Consumer;environment=Prod_francecentral_prod-s01-062-eur-francecentral;migrationStage=NotStarted}
{"logTime": "0707/010240", "correlationVector":"YMizJWSjoqbMfHW7lfZSJo","action":"Commit Request", "result":"", "context":Item count: 12
Contributing types: Preferences, Passwords, Sessions}
{"logTime": "0707/010241", "correlationVector":"YMizJWSjoqbMfHW7lfZSJo.1","action":"SyncServerConnectionManagerRequest", "result":"SYNC_SERVER_OK", "context":{"environment":"Prod_francecentral_prod-s01-062-eur-francecentral", "migrationStage":"NotStarted", "server":"akswtt009000010"}}
{"logTime": "0707/010241", "correlationVector":"YMizJWSjoqbMfHW7lfZSJo.3","action":"Commit.Sessions", "result":"Success", "context":{"id":"5980e90a-2304-47ee-a21f-bd7dd3009bc3", "isDeleted":"true", "size":"0", "version":"1751850150225"}}
{"logTime": "0707/010241", "correlationVector":"YMizJWSjoqbMfHW7lfZSJo.2","action":"Commit Response", "result":"Success", "context":Result: Success. cV=YMizJWSjoqbMfHW7lfZSJo.0;server=akswtt009000010;cloudType=Consumer;environment=Prod_francecentral_prod-s01-062-eur-francecentral;migrationStage=NotStarted}
{"logTime": "0707/010343", "correlationVector":"szrGR+QA2MoTvbns+eWGeg","action":"Normal GetUpdate request", "result":"", "context":cV=szrGR+QA2MoTvbns+eWGeg
Nudged types: History
Notified types: Device Info}
{"logTime": "0707/010344", "correlationVector":"szrGR+QA2MoTvbns+eWGeg.1","action":"SyncServerConnectionManagerRequest", "result":"SYNC_SERVER_OK", "context":{"environment":"Prod_francecentral_prod-s01-062-eur-francecentral", "migrationStage":"NotStarted", "server":"akswtt009000048"}}
{"logTime": "0707/010344", "correlationVector":"szrGR+QA2MoTvbns+eWGeg.2","action":"ProcessGetUpdates", "result":"Done", "context":{"dataType":"Preferences", "deleted":"0", "process_failed_to_decrypt":"0", "process_pending_decryption":"0", "process_success":"1", "total":"1"}}
{"logTime": "0707/010344", "correlationVector":"szrGR+QA2MoTvbns+eWGeg.3","action":"ProcessGetUpdates", "result":"Done", "context":{"dataType":"Passwords", "deleted":"0", "process_failed_to_decrypt":"0", "process_pending_decryption":"0", "process_success":"9", "total":"9"}}
{"logTime": "0707/010344", "correlationVector":"szrGR+QA2MoTvbns+eWGeg.4","action":"ProcessGetUpdates", "result":"Done", "context":{"dataType":"Sessions", "deleted":"1", "process_failed_to_decrypt":"0", "process_pending_decryption":"0", "process_success":"3", "total":"3"}}
{"logTime": "0707/010344", "correlationVector":"szrGR+QA2MoTvbns+eWGeg.5","action":"ProcessGetUpdates", "result":"Done", "context":{"dataType":"Device Info", "deleted":"0", "process_failed_to_decrypt":"0", "process_pending_decryption":"0", "process_success":"1", "total":"1"}}
{"logTime": "0707/010344", "correlationVector":"szrGR+QA2MoTvbns+eWGeg.6","action":"ProcessGetUpdates", "result":"Done", "context":{"dataType":"History", "deleted":"0", "process_failed_to_decrypt":"0", "process_pending_decryption":"0", "process_success":"2", "total":"2"}}
{"logTime": "0707/010344", "correlationVector":"szrGR+QA2MoTvbns+eWGeg.7","action":"GetUpdates Response", "result":"Success", "context":Received 16 update(s). cV=szrGR+QA2MoTvbns+eWGeg.0;server=akswtt009000048;cloudType=Consumer;environment=Prod_francecentral_prod-s01-062-eur-francecentral;migrationStage=NotStarted}
{"logTime": "0707/010344", "correlationVector":"tuiraaAYwwPxkzi9aHbi1J","action":"Commit Request", "result":"", "context":Item count: 1
Contributing types: History}
{"logTime": "0707/010344", "correlationVector":"tuiraaAYwwPxkzi9aHbi1J.1","action":"SyncServerConnectionManagerRequest", "result":"SYNC_SERVER_OK", "context":{"environment":"Prod_francecentral_prod-s01-062-eur-francecentral", "migrationStage":"NotStarted", "server":"akswtt00900000f"}}
{"logTime": "0707/010344", "correlationVector":"tuiraaAYwwPxkzi9aHbi1J.2","action":"Commit Response", "result":"Success", "context":Result: Success. cV=tuiraaAYwwPxkzi9aHbi1J.0;server=akswtt00900000f;cloudType=Consumer;environment=Prod_francecentral_prod-s01-062-eur-francecentral;migrationStage=NotStarted}
{"logTime": "0707/010345", "correlationVector":"EDpBRXLZJOOjIPZhzXg6iX","action":"Normal GetUpdate request", "result":"", "context":cV=EDpBRXLZJOOjIPZhzXg6iX
Nudged types: History
Notified types: Preferences}
{"logTime": "0707/010345", "correlationVector":"EDpBRXLZJOOjIPZhzXg6iX.1","action":"SyncServerConnectionManagerRequest", "result":"SYNC_SERVER_OK", "context":{"environment":"Prod_francecentral_prod-s01-062-eur-francecentral", "migrationStage":"NotStarted", "server":"akswtt009000000"}}
{"logTime": "0707/010345", "correlationVector":"EDpBRXLZJOOjIPZhzXg6iX.2","action":"ProcessGetUpdates", "result":"Done", "context":{"dataType":"Preferences", "deleted":"0", "process_failed_to_decrypt":"0", "process_pending_decryption":"0", "process_success":"1", "total":"1"}}
{"logTime": "0707/010345", "correlationVector":"EDpBRXLZJOOjIPZhzXg6iX.3","action":"ProcessGetUpdates", "result":"Done", "context":{"dataType":"History", "deleted":"0", "process_failed_to_decrypt":"0", "process_pending_decryption":"0", "process_success":"1", "total":"1"}}
{"logTime": "0707/010345", "correlationVector":"EDpBRXLZJOOjIPZhzXg6iX.4","action":"GetUpdates Response", "result":"Success", "context":Received 2 update(s). cV=EDpBRXLZJOOjIPZhzXg6iX.0;server=akswtt009000000;cloudType=Consumer;environment=Prod_francecentral_prod-s01-062-eur-francecentral;migrationStage=NotStarted}
{"logTime": "0707/010658", "correlationVector":"lyBCCJGh+cJNjoatCtqPlM","action":"Commit Request", "result":"", "context":Item count: 4
Contributing types: Sessions, History}
{"logTime": "0707/010659", "correlationVector":"lyBCCJGh+cJNjoatCtqPlM.1","action":"SyncServerConnectionManagerRequest", "result":"SYNC_SERVER_OK", "context":{"environment":"Prod_francecentral_prod-s01-062-eur-francecentral", "migrationStage":"NotStarted", "server":"akswtt00900002t"}}
{"logTime": "0707/010659", "correlationVector":"lyBCCJGh+cJNjoatCtqPlM.2","action":"Commit Response", "result":"Success", "context":Result: Success. cV=lyBCCJGh+cJNjoatCtqPlM.0;server=akswtt00900002t;cloudType=Consumer;environment=Prod_francecentral_prod-s01-062-eur-francecentral;migrationStage=NotStarted}
{"logTime": "0707/010802", "correlationVector":"TAkTPtg9K28y1q9si85cvI","action":"Commit Request", "result":"", "context":Item count: 7
Contributing types: Sessions, History}
{"logTime": "0707/010803", "correlationVector":"TAkTPtg9K28y1q9si85cvI.1","action":"SyncServerConnectionManagerRequest", "result":"SYNC_SERVER_OK", "context":{"environment":"Prod_francecentral_prod-s01-062-eur-francecentral", "migrationStage":"NotStarted", "server":"akswtt00900005m"}}
{"logTime": "0707/010803", "correlationVector":"TAkTPtg9K28y1q9si85cvI.2","action":"Commit Response", "result":"Success", "context":Result: Success. cV=TAkTPtg9K28y1q9si85cvI.0;server=akswtt00900005m;cloudType=Consumer;environment=Prod_francecentral_prod-s01-062-eur-francecentral;migrationStage=NotStarted}
{"logTime": "0707/011004", "correlationVector":"IuJdzCbajDk6tPEIMeDZgZ","action":"Commit Request", "result":"", "context":Item count: 5
Contributing types: Sessions, History}
{"logTime": "0707/011004", "correlationVector":"IuJdzCbajDk6tPEIMeDZgZ.1","action":"SyncServerConnectionManagerRequest", "result":"SYNC_SERVER_OK", "context":{"environment":"Prod_francecentral_prod-s01-062-eur-francecentral", "migrationStage":"NotStarted", "server":"akswtt00900000x"}}
{"logTime": "0707/011004", "correlationVector":"IuJdzCbajDk6tPEIMeDZgZ.2","action":"Commit Response", "result":"Success", "context":Result: Success. cV=IuJdzCbajDk6tPEIMeDZgZ.0;server=akswtt00900000x;cloudType=Consumer;environment=Prod_francecentral_prod-s01-062-eur-francecentral;migrationStage=NotStarted}
{"logTime": "0707/011111", "correlationVector":"lgM+FCDbuageHUQc16231B","action":"Commit Request", "result":"", "context":Item count: 6
Contributing types: Sessions, History}
{"logTime": "0707/011112", "correlationVector":"lgM+FCDbuageHUQc16231B.1","action":"SyncServerConnectionManagerRequest", "result":"SYNC_SERVER_OK", "context":{"environment":"Prod_francecentral_prod-s01-062-eur-francecentral", "migrationStage":"NotStarted", "server":"akswtt00900002t"}}
{"logTime": "0707/011112", "correlationVector":"lgM+FCDbuageHUQc16231B.2","action":"Commit Response", "result":"Success", "context":Result: Success. cV=lgM+FCDbuageHUQc16231B.0;server=akswtt00900002t;cloudType=Consumer;environment=Prod_francecentral_prod-s01-062-eur-francecentral;migrationStage=NotStarted}
{"logTime": "0707/011306", "correlationVector":"qXMW9y6y1lr20EYfGanu+v","action":"Commit Request", "result":"", "context":Item count: 5
Contributing types: Sessions, History}
{"logTime": "0707/011307", "correlationVector":"qXMW9y6y1lr20EYfGanu+v.1","action":"SyncServerConnectionManagerRequest", "result":"SYNC_SERVER_OK", "context":{"environment":"Prod_francecentral_prod-s01-062-eur-francecentral", "migrationStage":"NotStarted", "server":"akswtt00900005r"}}
{"logTime": "0707/011307", "correlationVector":"qXMW9y6y1lr20EYfGanu+v.2","action":"Commit Response", "result":"Success", "context":Result: Success. cV=qXMW9y6y1lr20EYfGanu+v.0;server=akswtt00900005r;cloudType=Consumer;environment=Prod_francecentral_prod-s01-062-eur-francecentral;migrationStage=NotStarted}
{"logTime": "0707/011308", "correlationVector":"C5FFEPs3c9FYDT2xnHrfWh","action":"Normal GetUpdate request", "result":"", "context":cV=C5FFEPs3c9FYDT2xnHrfWh
Notified types: History}
{"logTime": "0707/011308", "correlationVector":"C5FFEPs3c9FYDT2xnHrfWh.1","action":"SyncServerConnectionManagerRequest", "result":"SYNC_SERVER_OK", "context":{"environment":"Prod_francecentral_prod-s01-062-eur-francecentral", "migrationStage":"NotStarted", "server":"akswtt00900005b"}}
{"logTime": "0707/011308", "correlationVector":"C5FFEPs3c9FYDT2xnHrfWh.2","action":"ProcessGetUpdates", "result":"Done", "context":{"dataType":"Sessions", "deleted":"0", "process_failed_to_decrypt":"0", "process_pending_decryption":"0", "process_success":"2", "total":"2"}}
{"logTime": "0707/011308", "correlationVector":"C5FFEPs3c9FYDT2xnHrfWh.3","action":"ProcessGetUpdates", "result":"Done", "context":{"dataType":"History", "deleted":"0", "process_failed_to_decrypt":"0", "process_pending_decryption":"0", "process_success":"20", "total":"20"}}
{"logTime": "0707/011308", "correlationVector":"C5FFEPs3c9FYDT2xnHrfWh.4","action":"GetUpdates Response", "result":"Success", "context":Received 22 update(s). cV=C5FFEPs3c9FYDT2xnHrfWh.0;server=akswtt00900005b;cloudType=Consumer;environment=Prod_francecentral_prod-s01-062-eur-francecentral;migrationStage=NotStarted}
{"logTime": "0707/011422", "correlationVector":"+ei/6Htu9Ms3OXVgGsPDpz","action":"Commit Request", "result":"", "context":Item count: 3
Contributing types: Sessions, History}
{"logTime": "0707/011423", "correlationVector":"+ei/6Htu9Ms3OXVgGsPDpz.1","action":"SyncServerConnectionManagerRequest", "result":"SYNC_SERVER_OK", "context":{"environment":"Prod_francecentral_prod-s01-062-eur-francecentral", "migrationStage":"NotStarted", "server":"akswtt00900001q"}}
{"logTime": "0707/011423", "correlationVector":"+ei/6Htu9Ms3OXVgGsPDpz.2","action":"Commit Response", "result":"Success", "context":Result: Success. cV=+ei/6Htu9Ms3OXVgGsPDpz.0;server=akswtt00900001q;cloudType=Consumer;environment=Prod_francecentral_prod-s01-062-eur-francecentral;migrationStage=NotStarted}
{"logTime": "0707/012042", "correlationVector":"wulP+Bymf94tmIpy6SS48x.1","action":"SyncServerConnectionManagerRequest", "result":"SYNC_SERVER_OK", "context":{"environment":"Prod_francecentral_prod-s01-062-eur-francecentral", "migrationStage":"NotStarted", "server":"akswtt00900000e"}}
{"logTime": "0707/012042", "correlationVector":"wulP+Bymf94tmIpy6SS48x.2","action":"ProcessGetUpdates", "result":"Done", "context":{"dataType":"Encryption Keys", "deleted":"0", "process_failed_to_decrypt":"0", "process_pending_decryption":"0", "process_success":"1", "total":"1"}}
{"logTime": "0707/012043", "correlationVector":"uHvqPTgGrQAZcTsBnPaPgu","action":"SyncServerConnectionManagerRequest", "result":"SYNC_SERVER_OK", "context":{"environment":"", "migrationStage":"", "server":""}}
{"logTime": "0707/012043", "correlationVector":"uHvqPTgGrQAZcTsBnPaPgu.0","action":"EncryptionKeysFetcher.DownloadKeys:", "result":"Success", "context":Key count: 3, Last key timestamp: 2025-02-14T19:05:08Z}
{"logTime": "0707/012043", "correlationVector":"uHvqPTgGrQAZcTsBnPaPgu.1","action":"EncryptionKeysManager::SetEncryptionKeys:", "result":"Success", "context":Key names[3]:[PU8yTl1J2jT1fwJuQDMdGafm1+daQO+IYqZwj7mVZ/6ArGs6im0mivS7SoSI1qZjY1EiK9i8toH2L16T8zv5bg==][YKlUHevl6L5w+KBVscHShtm/CA0w5e4joPBK1CdMDmjSArW5omK9QGZDiRgZ5n9WZDnzW22nG0hcSzjew0yAeg==][h9xV4FfqcKJe4mGnzxYwowKXBMiHQ9mxH7ttwllppVItdbRE2ETcPAVIZGw2hW6HIOEnAMmElQu9LSQmTVQMaQ==]}
{"logTime": "0707/012043", "correlationVector":"uHvqPTgGrQAZcTsBnPaPgu.2","action":"EncryptionKeysManager::SetEncryptionKeysWithTimestamps:", "result":"Success", "context":Key timestamps[3]:[2024-02-19T18:06:51Z][2024-08-18T09:22:40Z][2025-02-14T19:05:08Z]}
{"logTime": "0707/012043", "correlationVector":"wulP+Bymf94tmIpy6SS48x","action":"Initial GetUpdates", "result":"", "context":Reason: NEW_CLIENT. cV=wulP+Bymf94tmIpy6SS48x}
{"logTime": "0707/012043", "correlationVector":"wulP+Bymf94tmIpy6SS48x.3","action":"GetUpdates Response", "result":"Success", "context":Received 1 update(s). cV=wulP+Bymf94tmIpy6SS48x.0;server=akswtt00900000e;cloudType=Consumer;environment=Prod_francecentral_prod-s01-062-eur-francecentral;migrationStage=NotStarted}
{"logTime": "0707/012043", "correlationVector":"dlbG94YAyeEd8oNQmEakw5","action":"Initial GetUpdates", "result":"", "context":Reason: NEWLY_SUPPORTED_DATATYPE. cV=dlbG94YAyeEd8oNQmEakw5}
{"logTime": "0707/012043", "correlationVector":"dlbG94YAyeEd8oNQmEakw5.1","action":"SyncServerConnectionManagerRequest", "result":"SYNC_SERVER_OK", "context":{"environment":"Prod_francecentral_prod-s01-062-eur-francecentral", "migrationStage":"NotStarted", "server":"akswtt00900005j"}}
{"logTime": "0707/012043", "correlationVector":"dlbG94YAyeEd8oNQmEakw5.2","action":"ProcessGetUpdates", "result":"Done", "context":{"dataType":"Passwords", "deleted":"8", "process_failed_to_decrypt":"0", "process_pending_decryption":"0", "process_success":"250", "total":"250"}}
{"logTime": "0707/012043", "correlationVector":"dlbG94YAyeEd8oNQmEakw5.3","action":"GetUpdates Response", "result":"Success", "context":Received 250 update(s). cV=dlbG94YAyeEd8oNQmEakw5.0;server=akswtt00900005j;cloudType=Consumer;environment=Prod_francecentral_prod-s01-062-eur-francecentral;migrationStage=NotStarted Some updates remain.}
{"logTime": "0707/012043", "correlationVector":"08eXIu68/cf9aQ7Rg3JEPS","action":"Initial GetUpdates", "result":"", "context":Reason: NEWLY_SUPPORTED_DATATYPE. cV=08eXIu68/cf9aQ7Rg3JEPS}
{"logTime": "0707/012044", "correlationVector":"08eXIu68/cf9aQ7Rg3JEPS.1","action":"SyncServerConnectionManagerRequest", "result":"SYNC_SERVER_OK", "context":{"environment":"Prod_francecentral_prod-s01-062-eur-francecentral", "migrationStage":"NotStarted", "server":"akswtt00900003x"}}
{"logTime": "0707/012044", "correlationVector":"08eXIu68/cf9aQ7Rg3JEPS.2","action":"ProcessGetUpdates", "result":"Done", "context":{"dataType":"Passwords", "deleted":"0", "process_failed_to_decrypt":"0", "process_pending_decryption":"0", "process_success":"3", "total":"3"}}
{"logTime": "0707/012044", "correlationVector":"08eXIu68/cf9aQ7Rg3JEPS.3","action":"GetUpdates Response", "result":"Success", "context":Received 3 update(s). cV=08eXIu68/cf9aQ7Rg3JEPS.0;server=akswtt00900003x;cloudType=Consumer;environment=Prod_francecentral_prod-s01-062-eur-francecentral;migrationStage=NotStarted}
{"logTime": "0707/012044", "correlationVector":"Ty74frrqMlJQpa+or1hO6Y","action":"Normal GetUpdate request", "result":"", "context":cV=Ty74frrqMlJQpa+or1hO6Y
Nudged types: Sessions, History
Refresh requested types: Bookmarks, Preferences, Passwords, Autofill Profiles, Autofill, Extensions, Sessions, Extension settings, History Delete Directives, Device Info, User Consents, Send Tab To Self, Web Apps, History, Saved Tab Group, WebAuthn Credentials, Collection, Edge E Drop, Edge Hub App Usage, Edge Wallet, Encryption Keys}
{"logTime": "0707/012044", "correlationVector":"Ty74frrqMlJQpa+or1hO6Y.1","action":"SyncServerConnectionManagerRequest", "result":"SYNC_SERVER_OK", "context":{"environment":"Prod_francecentral_prod-s01-062-eur-francecentral", "migrationStage":"NotStarted", "server":"akswtt009000031"}}
{"logTime": "0707/012044", "correlationVector":"Ty74frrqMlJQpa+or1hO6Y.2","action":"ProcessGetUpdates", "result":"Done", "context":{"dataType":"Sessions", "deleted":"0", "process_failed_to_decrypt":"0", "process_pending_decryption":"0", "process_success":"2", "total":"2"}}
{"logTime": "0707/012044", "correlationVector":"Ty74frrqMlJQpa+or1hO6Y.3","action":"ProcessGetUpdates", "result":"Done", "context":{"dataType":"History", "deleted":"0", "process_failed_to_decrypt":"0", "process_pending_decryption":"0", "process_success":"15", "total":"15"}}
{"logTime": "0707/012044", "correlationVector":"Ty74frrqMlJQpa+or1hO6Y.4","action":"GetUpdates Response", "result":"Success", "context":Received 17 update(s). cV=Ty74frrqMlJQpa+or1hO6Y.0;server=akswtt009000031;cloudType=Consumer;environment=Prod_francecentral_prod-s01-062-eur-francecentral;migrationStage=NotStarted}
{"logTime": "0707/012047", "correlationVector":"QndL1/My4ftVdVBBNTMlAM","action":"Commit Request", "result":"", "context":Item count: 3
Contributing types: Sessions}
{"logTime": "0707/012047", "correlationVector":"QndL1/My4ftVdVBBNTMlAM.1","action":"SyncServerConnectionManagerRequest", "result":"SYNC_SERVER_OK", "context":{"environment":"Prod_francecentral_prod-s01-062-eur-francecentral", "migrationStage":"NotStarted", "server":"akswtt00900003q"}}
{"logTime": "0707/012047", "correlationVector":"QndL1/My4ftVdVBBNTMlAM.3","action":"Commit.Sessions", "result":"Success", "context":{"id":"5b38d3f7-e91e-45c8-bdfb-b8732bd821c5", "isDeleted":"true", "size":"0", "version":"1751850863824"}}
{"logTime": "0707/012047", "correlationVector":"QndL1/My4ftVdVBBNTMlAM.2","action":"Commit Response", "result":"Success", "context":Result: Success. cV=QndL1/My4ftVdVBBNTMlAM.0;server=akswtt00900003q;cloudType=Consumer;environment=Prod_francecentral_prod-s01-062-eur-francecentral;migrationStage=NotStarted}
{"logTime": "0707/012055", "correlationVector":"BffX8LuBOz8EROhLPf7GHH","action":"Commit Request", "result":"", "context":Item count: 11
Contributing types: Preferences, Passwords, Sessions}
{"logTime": "0707/012055", "correlationVector":"BffX8LuBOz8EROhLPf7GHH.1","action":"SyncServerConnectionManagerRequest", "result":"SYNC_SERVER_OK", "context":{"environment":"Prod_francecentral_prod-s01-062-eur-francecentral", "migrationStage":"NotStarted", "server":"akswtt00900003q"}}
{"logTime": "0707/012055", "correlationVector":"BffX8LuBOz8EROhLPf7GHH.2","action":"Commit Response", "result":"Success", "context":Result: Success. cV=BffX8LuBOz8EROhLPf7GHH.0;server=akswtt00900003q;cloudType=Consumer;environment=Prod_francecentral_prod-s01-062-eur-francecentral;migrationStage=NotStarted}
{"logTime": "0707/012208", "correlationVector":"Oc/9r1Zm4XJcPpGirbHF4A","action":"Commit Request", "result":"", "context":Item count: 4
Contributing types: Sessions, History}
{"logTime": "0707/012209", "correlationVector":"Oc/9r1Zm4XJcPpGirbHF4A.1","action":"SyncServerConnectionManagerRequest", "result":"SYNC_SERVER_OK", "context":{"environment":"Prod_francecentral_prod-s01-062-eur-francecentral", "migrationStage":"NotStarted", "server":"akswtt009000042"}}
{"logTime": "0707/012209", "correlationVector":"Oc/9r1Zm4XJcPpGirbHF4A.2","action":"Commit Response", "result":"Success", "context":Result: Success. cV=Oc/9r1Zm4XJcPpGirbHF4A.0;server=akswtt009000042;cloudType=Consumer;environment=Prod_francecentral_prod-s01-062-eur-francecentral;migrationStage=NotStarted}
{"logTime": "0707/012310", "correlationVector":"PUi2r8fnnbzcyhq4arHV8r","action":"Commit Request", "result":"", "context":Item count: 6
Contributing types: Sessions, History}
{"logTime": "0707/012311", "correlationVector":"PUi2r8fnnbzcyhq4arHV8r.1","action":"SyncServerConnectionManagerRequest", "result":"SYNC_SERVER_OK", "context":{"environment":"Prod_francecentral_prod-s01-062-eur-francecentral", "migrationStage":"NotStarted", "server":"akswtt00900000c"}}
{"logTime": "0707/012311", "correlationVector":"PUi2r8fnnbzcyhq4arHV8r.2","action":"Commit Response", "result":"Success", "context":Result: Success. cV=PUi2r8fnnbzcyhq4arHV8r.0;server=akswtt00900000c;cloudType=Consumer;environment=Prod_francecentral_prod-s01-062-eur-francecentral;migrationStage=NotStarted}
{"logTime": "0707/012412", "correlationVector":"IFFsgOFDM1MSv/5//OMQKI","action":"Commit Request", "result":"", "context":Item count: 9
Contributing types: Sessions, History}
{"logTime": "0707/012413", "correlationVector":"IFFsgOFDM1MSv/5//OMQKI.1","action":"SyncServerConnectionManagerRequest", "result":"SYNC_SERVER_OK", "context":{"environment":"Prod_francecentral_prod-s01-062-eur-francecentral", "migrationStage":"NotStarted", "server":"akswtt00900002s"}}
{"logTime": "0707/012413", "correlationVector":"IFFsgOFDM1MSv/5//OMQKI.2","action":"Commit Response", "result":"Success", "context":Result: Success. cV=IFFsgOFDM1MSv/5//OMQKI.0;server=akswtt00900002s;cloudType=Consumer;environment=Prod_francecentral_prod-s01-062-eur-francecentral;migrationStage=NotStarted}
{"logTime": "0707/012524", "correlationVector":"Dyqre4c1lQ7iTPHkuOqo9U","action":"Commit Request", "result":"", "context":Item count: 5
Contributing types: Sessions, History}
{"logTime": "0707/012524", "correlationVector":"Dyqre4c1lQ7iTPHkuOqo9U.1","action":"SyncServerConnectionManagerRequest", "result":"SYNC_SERVER_OK", "context":{"environment":"Prod_francecentral_prod-s01-062-eur-francecentral", "migrationStage":"NotStarted", "server":"akswtt00900000s"}}
{"logTime": "0707/012524", "correlationVector":"Dyqre4c1lQ7iTPHkuOqo9U.2","action":"Commit Response", "result":"Success", "context":Result: Success. cV=Dyqre4c1lQ7iTPHkuOqo9U.0;server=akswtt00900000s;cloudType=Consumer;environment=Prod_francecentral_prod-s01-062-eur-francecentral;migrationStage=NotStarted}
{"logTime": "0707/012737", "correlationVector":"aQkPxRQEXL7DQNVprWLOlH","action":"Commit Request", "result":"", "context":Item count: 4
Contributing types: Sessions, History}
{"logTime": "0707/012737", "correlationVector":"aQkPxRQEXL7DQNVprWLOlH.1","action":"SyncServerConnectionManagerRequest", "result":"SYNC_SERVER_OK", "context":{"environment":"Prod_francecentral_prod-s01-062-eur-francecentral", "migrationStage":"NotStarted", "server":"akswtt00900002v"}}
{"logTime": "0707/012737", "correlationVector":"aQkPxRQEXL7DQNVprWLOlH.2","action":"Commit Response", "result":"Success", "context":Result: Success. cV=aQkPxRQEXL7DQNVprWLOlH.0;server=akswtt00900002v;cloudType=Consumer;environment=Prod_francecentral_prod-s01-062-eur-francecentral;migrationStage=NotStarted}
{"logTime": "0707/012939", "correlationVector":"mRB7Qi+8W4SODSkNuVrtuk","action":"Commit Request", "result":"", "context":Item count: 4
Contributing types: Sessions, History}
{"logTime": "0707/012940", "correlationVector":"mRB7Qi+8W4SODSkNuVrtuk.1","action":"SyncServerConnectionManagerRequest", "result":"SYNC_SERVER_OK", "context":{"environment":"Prod_francecentral_prod-s01-062-eur-francecentral", "migrationStage":"NotStarted", "server":"akswtt00900003e"}}
{"logTime": "0707/012940", "correlationVector":"mRB7Qi+8W4SODSkNuVrtuk.2","action":"Commit Response", "result":"Success", "context":Result: Success. cV=mRB7Qi+8W4SODSkNuVrtuk.0;server=akswtt00900003e;cloudType=Consumer;environment=Prod_francecentral_prod-s01-062-eur-francecentral;migrationStage=NotStarted}
{"logTime": "0707/013130", "correlationVector":"8XStrsoRb2ZxVB7oAMrgxD","action":"Commit Request", "result":"", "context":Item count: 4
Contributing types: Sessions, History}
{"logTime": "0707/013130", "correlationVector":"8XStrsoRb2ZxVB7oAMrgxD.1","action":"SyncServerConnectionManagerRequest", "result":"SYNC_SERVER_OK", "context":{"environment":"Prod_francecentral_prod-s01-062-eur-francecentral", "migrationStage":"NotStarted", "server":"akswtt009000022"}}
{"logTime": "0707/013130", "correlationVector":"8XStrsoRb2ZxVB7oAMrgxD.2","action":"Commit Response", "result":"Success", "context":Result: Success. cV=8XStrsoRb2ZxVB7oAMrgxD.0;server=akswtt009000022;cloudType=Consumer;environment=Prod_francecentral_prod-s01-062-eur-francecentral;migrationStage=NotStarted}
{"logTime": "0707/013249", "correlationVector":"plve0dYUcc3ZJuhZvCPpga","action":"Commit Request", "result":"", "context":Item count: 4
Contributing types: Sessions, History}
{"logTime": "0707/013249", "correlationVector":"plve0dYUcc3ZJuhZvCPpga.1","action":"SyncServerConnectionManagerRequest", "result":"SYNC_SERVER_OK", "context":{"environment":"Prod_francecentral_prod-s01-062-eur-francecentral", "migrationStage":"NotStarted", "server":"akswtt00900004e"}}
{"logTime": "0707/013249", "correlationVector":"plve0dYUcc3ZJuhZvCPpga.2","action":"Commit Response", "result":"Success", "context":Result: Success. cV=plve0dYUcc3ZJuhZvCPpga.0;server=akswtt00900004e;cloudType=Consumer;environment=Prod_francecentral_prod-s01-062-eur-francecentral;migrationStage=NotStarted}
{"logTime": "0707/013502", "correlationVector":"kARkz+aVc1t7dvyNfX5Y4d","action":"Commit Request", "result":"", "context":Item count: 4
Contributing types: Sessions, History}
{"logTime": "0707/013503", "correlationVector":"kARkz+aVc1t7dvyNfX5Y4d.1","action":"SyncServerConnectionManagerRequest", "result":"SYNC_SERVER_OK", "context":{"environment":"Prod_francecentral_prod-s01-062-eur-francecentral", "migrationStage":"NotStarted", "server":"akswtt00900001q"}}
{"logTime": "0707/013503", "correlationVector":"kARkz+aVc1t7dvyNfX5Y4d.2","action":"Commit Response", "result":"Success", "context":Result: Success. cV=kARkz+aVc1t7dvyNfX5Y4d.0;server=akswtt00900001q;cloudType=Consumer;environment=Prod_francecentral_prod-s01-062-eur-francecentral;migrationStage=NotStarted}
{"logTime": "0707/013622", "correlationVector":"fuBXnuzIPROSUoGNNgqvts","action":"Commit Request", "result":"", "context":Item count: 9
Contributing types: Sessions, History}
{"logTime": "0707/013623", "correlationVector":"fuBXnuzIPROSUoGNNgqvts.1","action":"SyncServerConnectionManagerRequest", "result":"SYNC_SERVER_OK", "context":{"environment":"Prod_francecentral_prod-s01-062-eur-francecentral", "migrationStage":"NotStarted", "server":"akswtt00900000p"}}
{"logTime": "0707/013623", "correlationVector":"fuBXnuzIPROSUoGNNgqvts.2","action":"Commit Response", "result":"Success", "context":Result: Success. cV=fuBXnuzIPROSUoGNNgqvts.0;server=akswtt00900000p;cloudType=Consumer;environment=Prod_francecentral_prod-s01-062-eur-francecentral;migrationStage=NotStarted}
{"logTime": "0707/013924", "correlationVector":"ggIqtsBLXsqd8tWGNzLSZT","action":"Commit Request", "result":"", "context":Item count: 1
Contributing types: Sessions}
{"logTime": "0707/013925", "correlationVector":"ggIqtsBLXsqd8tWGNzLSZT.1","action":"SyncServerConnectionManagerRequest", "result":"SYNC_SERVER_OK", "context":{"environment":"Prod_francecentral_prod-s01-062-eur-francecentral", "migrationStage":"NotStarted", "server":"akswtt00900000c"}}
{"logTime": "0707/013925", "correlationVector":"ggIqtsBLXsqd8tWGNzLSZT.2","action":"Commit Response", "result":"Success", "context":Result: Success. cV=ggIqtsBLXsqd8tWGNzLSZT.0;server=akswtt00900000c;cloudType=Consumer;environment=Prod_francecentral_prod-s01-062-eur-francecentral;migrationStage=NotStarted}
{"logTime": "0707/014245", "correlationVector":"peD1QSMy47ItLdxTtakAxg","action":"Commit Request", "result":"", "context":Item count: 6
Contributing types: Sessions, History}
{"logTime": "0707/014246", "correlationVector":"peD1QSMy47ItLdxTtakAxg.1","action":"SyncServerConnectionManagerRequest", "result":"SYNC_SERVER_OK", "context":{"environment":"Prod_francecentral_prod-s01-062-eur-francecentral", "migrationStage":"NotStarted", "server":"akswtt00900003c"}}
{"logTime": "0707/014246", "correlationVector":"peD1QSMy47ItLdxTtakAxg.2","action":"Commit Response", "result":"Success", "context":Result: Success. cV=peD1QSMy47ItLdxTtakAxg.0;server=akswtt00900003c;cloudType=Consumer;environment=Prod_francecentral_prod-s01-062-eur-francecentral;migrationStage=NotStarted}
{"logTime": "0707/014346", "correlationVector":"coxt/SZl0eHowFV4Ww4fPw","action":"Commit Request", "result":"", "context":Item count: 5
Contributing types: Sessions, History}
{"logTime": "0707/014347", "correlationVector":"coxt/SZl0eHowFV4Ww4fPw.1","action":"SyncServerConnectionManagerRequest", "result":"SYNC_SERVER_OK", "context":{"environment":"Prod_francecentral_prod-s01-062-eur-francecentral", "migrationStage":"NotStarted", "server":"akswtt009000041"}}
{"logTime": "0707/014347", "correlationVector":"coxt/SZl0eHowFV4Ww4fPw.2","action":"Commit Response", "result":"Success", "context":Result: Success. cV=coxt/SZl0eHowFV4Ww4fPw.0;server=akswtt009000041;cloudType=Consumer;environment=Prod_francecentral_prod-s01-062-eur-francecentral;migrationStage=NotStarted}
{"logTime": "0707/014542", "correlationVector":"FnqmwE/lxcW/jYNJTkjEka","action":"Commit Request", "result":"", "context":Item count: 9
Contributing types: Sessions, History}
{"logTime": "0707/014543", "correlationVector":"FnqmwE/lxcW/jYNJTkjEka.1","action":"SyncServerConnectionManagerRequest", "result":"SYNC_SERVER_OK", "context":{"environment":"Prod_francecentral_prod-s01-062-eur-francecentral", "migrationStage":"NotStarted", "server":"akswtt009000022"}}
{"logTime": "0707/014543", "correlationVector":"FnqmwE/lxcW/jYNJTkjEka.2","action":"Commit Response", "result":"Success", "context":Result: Success. cV=FnqmwE/lxcW/jYNJTkjEka.0;server=akswtt009000022;cloudType=Consumer;environment=Prod_francecentral_prod-s01-062-eur-francecentral;migrationStage=NotStarted}
{"logTime": "0707/014648", "correlationVector":"KQYNwT72bVwpcNjonM+Qvt","action":"Commit Request", "result":"", "context":Item count: 4
Contributing types: Sessions, History}
{"logTime": "0707/014649", "correlationVector":"KQYNwT72bVwpcNjonM+Qvt.1","action":"SyncServerConnectionManagerRequest", "result":"SYNC_SERVER_OK", "context":{"environment":"Prod_francecentral_prod-s01-062-eur-francecentral", "migrationStage":"NotStarted", "server":"akswtt00900005f"}}
{"logTime": "0707/014649", "correlationVector":"KQYNwT72bVwpcNjonM+Qvt.2","action":"Commit Response", "result":"Success", "context":Result: Success. cV=KQYNwT72bVwpcNjonM+Qvt.0;server=akswtt00900005f;cloudType=Consumer;environment=Prod_francecentral_prod-s01-062-eur-francecentral;migrationStage=NotStarted}
{"logTime": "0707/014827", "correlationVector":"q8VNxHO5ulxidxEt1mlymV","action":"Commit Request", "result":"", "context":Item count: 6
Contributing types: Sessions, History}
{"logTime": "0707/014828", "correlationVector":"q8VNxHO5ulxidxEt1mlymV.1","action":"SyncServerConnectionManagerRequest", "result":"SYNC_SERVER_OK", "context":{"environment":"Prod_francecentral_prod-s01-062-eur-francecentral", "migrationStage":"NotStarted", "server":"akswtt00900003c"}}
{"logTime": "0707/014828", "correlationVector":"q8VNxHO5ulxidxEt1mlymV.2","action":"Commit Response", "result":"Success", "context":Result: Success. cV=q8VNxHO5ulxidxEt1mlymV.0;server=akswtt00900003c;cloudType=Consumer;environment=Prod_francecentral_prod-s01-062-eur-francecentral;migrationStage=NotStarted}
{"logTime": "0707/014948", "correlationVector":"5YEmG/MyR5WS/FjtDoSyQh","action":"Commit Request", "result":"", "context":Item count: 5
Contributing types: Sessions, History}
{"logTime": "0707/014948", "correlationVector":"5YEmG/MyR5WS/FjtDoSyQh.1","action":"SyncServerConnectionManagerRequest", "result":"SYNC_SERVER_OK", "context":{"environment":"Prod_francecentral_prod-s01-062-eur-francecentral", "migrationStage":"NotStarted", "server":"akswtt00900004b"}}
{"logTime": "0707/014948", "correlationVector":"5YEmG/MyR5WS/FjtDoSyQh.2","action":"Commit Response", "result":"Success", "context":Result: Success. cV=5YEmG/MyR5WS/FjtDoSyQh.0;server=akswtt00900004b;cloudType=Consumer;environment=Prod_francecentral_prod-s01-062-eur-francecentral;migrationStage=NotStarted}
{"logTime": "0707/015300", "correlationVector":"/5DFM6xhQ7zirQDXWg79q1","action":"Commit Request", "result":"", "context":Item count: 5
Contributing types: Sessions, History}
{"logTime": "0707/015301", "correlationVector":"/5DFM6xhQ7zirQDXWg79q1.1","action":"SyncServerConnectionManagerRequest", "result":"SYNC_SERVER_OK", "context":{"environment":"Prod_francecentral_prod-s01-062-eur-francecentral", "migrationStage":"NotStarted", "server":"akswtt00900002n"}}
{"logTime": "0707/015301", "correlationVector":"/5DFM6xhQ7zirQDXWg79q1.2","action":"Commit Response", "result":"Success", "context":Result: Success. cV=/5DFM6xhQ7zirQDXWg79q1.0;server=akswtt00900002n;cloudType=Consumer;environment=Prod_francecentral_prod-s01-062-eur-francecentral;migrationStage=NotStarted}
{"logTime": "0707/015452", "correlationVector":"4uuWUfBltIvW1Q+B3EZRtj","action":"Commit Request", "result":"", "context":Item count: 8
Contributing types: Sessions, History}
{"logTime": "0707/015453", "correlationVector":"4uuWUfBltIvW1Q+B3EZRtj.1","action":"SyncServerConnectionManagerRequest", "result":"SYNC_SERVER_OK", "context":{"environment":"Prod_francecentral_prod-s01-062-eur-francecentral", "migrationStage":"NotStarted", "server":"akswtt00900000x"}}
{"logTime": "0707/015453", "correlationVector":"4uuWUfBltIvW1Q+B3EZRtj.2","action":"Commit Response", "result":"Success", "context":Result: Success. cV=4uuWUfBltIvW1Q+B3EZRtj.0;server=akswtt00900000x;cloudType=Consumer;environment=Prod_francecentral_prod-s01-062-eur-francecentral;migrationStage=NotStarted}
{"logTime": "0707/015606", "correlationVector":"WiEDEK2ZRsSDHpgi1K6A2I","action":"Commit Request", "result":"", "context":Item count: 8
Contributing types: Sessions, History}
{"logTime": "0707/015607", "correlationVector":"WiEDEK2ZRsSDHpgi1K6A2I.1","action":"SyncServerConnectionManagerRequest", "result":"SYNC_SERVER_OK", "context":{"environment":"Prod_francecentral_prod-s01-062-eur-francecentral", "migrationStage":"NotStarted", "server":"akswtt00900003s"}}
{"logTime": "0707/015607", "correlationVector":"WiEDEK2ZRsSDHpgi1K6A2I.2","action":"Commit Response", "result":"Success", "context":Result: Success. cV=WiEDEK2ZRsSDHpgi1K6A2I.0;server=akswtt00900003s;cloudType=Consumer;environment=Prod_francecentral_prod-s01-062-eur-francecentral;migrationStage=NotStarted}
{"logTime": "0707/015715", "correlationVector":"oO3DEzKHIZ4SqxtzvAjOZg","action":"Commit Request", "result":"", "context":Item count: 9
Contributing types: Sessions, History}
{"logTime": "0707/015715", "correlationVector":"oO3DEzKHIZ4SqxtzvAjOZg.1","action":"SyncServerConnectionManagerRequest", "result":"SYNC_SERVER_OK", "context":{"environment":"Prod_francecentral_prod-s01-062-eur-francecentral", "migrationStage":"NotStarted", "server":"akswtt009000040"}}
{"logTime": "0707/015715", "correlationVector":"oO3DEzKHIZ4SqxtzvAjOZg.2","action":"Commit Response", "result":"Success", "context":Result: Success. cV=oO3DEzKHIZ4SqxtzvAjOZg.0;server=akswtt009000040;cloudType=Consumer;environment=Prod_francecentral_prod-s01-062-eur-francecentral;migrationStage=NotStarted}
{"logTime": "0707/020100", "correlationVector":"FymA+esI5kETeoDe2i7O6G","action":"Commit Request", "result":"", "context":Item count: 1
Contributing types: Sessions}
{"logTime": "0707/020101", "correlationVector":"FymA+esI5kETeoDe2i7O6G.1","action":"SyncServerConnectionManagerRequest", "result":"SYNC_SERVER_OK", "context":{"environment":"Prod_francecentral_prod-s01-062-eur-francecentral", "migrationStage":"NotStarted", "server":"akswtt009000040"}}
{"logTime": "0707/020101", "correlationVector":"FymA+esI5kETeoDe2i7O6G.2","action":"Commit Response", "result":"Success", "context":Result: Success. cV=FymA+esI5kETeoDe2i7O6G.0;server=akswtt009000040;cloudType=Consumer;environment=Prod_francecentral_prod-s01-062-eur-francecentral;migrationStage=NotStarted}
{"logTime": "0707/020121", "correlationVector":"sMnVi5cx1xUVnOGDN+cbUw","action":"Normal GetUpdate request", "result":"", "context":cV=sMnVi5cx1xUVnOGDN+cbUw
Nudged types: Sessions, History
Notified types: History}
{"logTime": "0707/020122", "correlationVector":"sMnVi5cx1xUVnOGDN+cbUw.1","action":"SyncServerConnectionManagerRequest", "result":"SYNC_SERVER_OK", "context":{"environment":"Prod_francecentral_prod-s01-062-eur-francecentral", "migrationStage":"NotStarted", "server":"akswtt009000039"}}
{"logTime": "0707/020122", "correlationVector":"sMnVi5cx1xUVnOGDN+cbUw.2","action":"ProcessGetUpdates", "result":"Done", "context":{"dataType":"Preferences", "deleted":"0", "process_failed_to_decrypt":"0", "process_pending_decryption":"0", "process_success":"1", "total":"1"}}
{"logTime": "0707/020122", "correlationVector":"sMnVi5cx1xUVnOGDN+cbUw.3","action":"ProcessGetUpdates", "result":"Done", "context":{"dataType":"Passwords", "deleted":"0", "process_failed_to_decrypt":"0", "process_pending_decryption":"0", "process_success":"9", "total":"9"}}
{"logTime": "0707/020122", "correlationVector":"sMnVi5cx1xUVnOGDN+cbUw.4","action":"ProcessGetUpdates", "result":"Done", "context":{"dataType":"Sessions", "deleted":"1", "process_failed_to_decrypt":"0", "process_pending_decryption":"0", "process_success":"4", "total":"4"}}
{"logTime": "0707/020122", "correlationVector":"sMnVi5cx1xUVnOGDN+cbUw.5","action":"ProcessGetUpdates", "result":"Done", "context":{"dataType":"History", "deleted":"0", "process_failed_to_decrypt":"0", "process_pending_decryption":"0", "process_success":"71", "total":"71"}}
{"logTime": "0707/020122", "correlationVector":"sMnVi5cx1xUVnOGDN+cbUw.6","action":"GetUpdates Response", "result":"Success", "context":Received 85 update(s). cV=sMnVi5cx1xUVnOGDN+cbUw.0;server=akswtt009000039;cloudType=Consumer;environment=Prod_francecentral_prod-s01-062-eur-francecentral;migrationStage=NotStarted}
{"logTime": "0707/020122", "correlationVector":"c9biWlWY27eQ1KCtB8Wf3j","action":"Commit Request", "result":"", "context":Item count: 4
Contributing types: Sessions, History}
{"logTime": "0707/020122", "correlationVector":"c9biWlWY27eQ1KCtB8Wf3j.1","action":"SyncServerConnectionManagerRequest", "result":"SYNC_SERVER_OK", "context":{"environment":"Prod_francecentral_prod-s01-062-eur-francecentral", "migrationStage":"NotStarted", "server":"akswtt009000049"}}
{"logTime": "0707/020122", "correlationVector":"c9biWlWY27eQ1KCtB8Wf3j.2","action":"Commit Response", "result":"Success", "context":Result: Success. cV=c9biWlWY27eQ1KCtB8Wf3j.0;server=akswtt009000049;cloudType=Consumer;environment=Prod_francecentral_prod-s01-062-eur-francecentral;migrationStage=NotStarted}
